2026-03-16 13:00:34.950 [main] INFO  testCases.TC_001HomePageTest - ===== Test Execution Started =====
2026-03-16 13:00:35.737 [main] ERROR testCases.TC_001HomePageTest - Browser initialization failed
org.openqa.selenium.SessionNotCreatedException: Could not start a new session. Possible causes are invalid address of the remote server or browser start-up failure. null 
Host info: host: 'MACPK-WKS-0312', ip: '192.168.100.4'
Build info: version: '4.38.0', revision: '6b412e825c*'
System info: os.name: 'Windows 11', os.arch: 'amd64', os.version: '10.0', java.version: '21.0.3'
Driver info: org.openqa.selenium.remote.RemoteWebDriver
Command: [null, newSession {capabilities=[Capabilities {browserName: chrome, goog:chromeOptions: {args: [--incognito], extensions: []}}]}]
Capabilities {browserName: chrome, goog:chromeOptions: {args: [--incognito], extensions: []}}
	at org.openqa.selenium.remote.RemoteWebDriver.execute(RemoteWebDriver.java:578)
	at org.openqa.selenium.remote.RemoteWebDriver.startSession(RemoteWebDriver.java:246)
	at org.openqa.selenium.remote.RemoteWebDriver.<init>(RemoteWebDriver.java:174)
	at org.openqa.selenium.remote.RemoteWebDriver.<init>(RemoteWebDriver.java:152)
	at testBase.BaseClass.setup(BaseClass.java:54)
	at java.base/jdk.internal.reflect.DirectMethodHandleAccessor.invoke(DirectMethodHandleAccessor.java:103)
	at java.base/java.lang.reflect.Method.invoke(Method.java:580)
	at org.testng.internal.invokers.MethodInvocationHelper.invokeMethod(MethodInvocationHelper.java:141)
	at org.testng.internal.invokers.MethodInvocationHelper.invokeMethodConsideringTimeout(MethodInvocationHelper.java:71)
	at org.testng.internal.invokers.ConfigInvoker.invokeConfigurationMethod(ConfigInvoker.java:400)
	at org.testng.internal.invokers.ConfigInvoker.invokeConfigurations(ConfigInvoker.java:333)
	at org.testng.internal.invokers.TestMethodWorker.invokeBeforeClassMethods(TestMethodWorker.java:188)
	at org.testng.internal.invokers.TestMethodWorker.run(TestMethodWorker.java:128)
	at java.base/java.util.ArrayList.forEach(ArrayList.java:1596)
	at org.testng.TestRunner.privateRun(TestRunner.java:741)
	at org.testng.TestRunner.run(TestRunner.java:616)
	at org.testng.SuiteRunner.runTest(SuiteRunner.java:421)
	at org.testng.SuiteRunner.runSequentially(SuiteRunner.java:413)
	at org.testng.SuiteRunner.privateRun(SuiteRunner.java:373)
	at org.testng.SuiteRunner.run(SuiteRunner.java:312)
	at org.testng.SuiteRunnerWorker.runSuite(SuiteRunnerWorker.java:52)
	at org.testng.SuiteRunnerWorker.run(SuiteRunnerWorker.java:95)
	at org.testng.TestNG.runSuitesSequentially(TestNG.java:1274)
	at org.testng.TestNG.runSuitesLocally(TestNG.java:1208)
	at org.testng.TestNG.runSuites(TestNG.java:1112)
	at org.testng.TestNG.run(TestNG.java:1079)
	at com.intellij.rt.testng.IDEARemoteTestNG.run(IDEARemoteTestNG.java:65)
	at com.intellij.rt.testng.RemoteTestNGStarter.main(RemoteTestNGStarter.java:105)
Caused by: java.io.UncheckedIOException: java.net.ConnectException
	at org.openqa.selenium.remote.http.jdk.JdkHttpClient.execute0(JdkHttpClient.java:500)
	at org.openqa.selenium.remote.http.AddSeleniumUserAgent.lambda$apply$0(AddSeleniumUserAgent.java:42)
	at org.openqa.selenium.remote.http.Filter.lambda$andFinally$1(Filter.java:55)
	at org.openqa.selenium.remote.http.jdk.JdkHttpClient.lambda$executeAsync$2(JdkHttpClient.java:387)
	at java.base/java.util.concurrent.Executors$RunnableAdapter.call(Executors.java:572)
	at java.base/java.util.concurrent.FutureTask.run$$$capture(FutureTask.java:317)
	at java.base/java.util.concurrent.FutureTask.run(FutureTask.java)
	at java.base/java.util.concurrent.ThreadPoolExecutor.runWorker(ThreadPoolExecutor.java:1144)
	at java.base/java.util.concurrent.ThreadPoolExecutor$Worker.run(ThreadPoolExecutor.java:642)
	at java.base/java.lang.Thread.run(Thread.java:1583)
Caused by: java.net.ConnectException
	at java.net.http/jdk.internal.net.http.HttpClientImpl.send(HttpClientImpl.java:951)
	at java.net.http/jdk.internal.net.http.HttpClientFacade.send(HttpClientFacade.java:133)
	at org.openqa.selenium.remote.http.jdk.JdkHttpClient.execute0(JdkHttpClient.java:459)
	... 9 more
Caused by: java.net.ConnectException
	at java.net.http/jdk.internal.net.http.common.Utils.toConnectException(Utils.java:1028)
	at java.net.http/jdk.internal.net.http.PlainHttpConnection.connectAsync(PlainHttpConnection.java:227)
	at java.net.http/jdk.internal.net.http.PlainHttpConnection.checkRetryConnect(PlainHttpConnection.java:280)
	at java.net.http/jdk.internal.net.http.PlainHttpConnection.lambda$connectAsync$2(PlainHttpConnection.java:238)
	at java.base/java.util.concurrent.CompletableFuture.uniHandle(CompletableFuture.java:934)
	at java.base/java.util.concurrent.CompletableFuture$UniHandle.tryFire(CompletableFuture.java:911)
	at java.base/java.util.concurrent.CompletableFuture.postComplete(CompletableFuture.java:510)
	at java.base/java.util.concurrent.CompletableFuture$AsyncSupply.run$$$capture(CompletableFuture.java:1773)
	at java.base/java.util.concurrent.CompletableFuture$AsyncSupply.run(CompletableFuture.java)
	... 3 more
Caused by: java.nio.channels.ClosedChannelException
	at java.base/sun.nio.ch.SocketChannelImpl.ensureOpen(SocketChannelImpl.java:202)
	at java.base/sun.nio.ch.SocketChannelImpl.beginConnect(SocketChannelImpl.java:786)
	at java.base/sun.nio.ch.SocketChannelImpl.connect(SocketChannelImpl.java:874)
	at java.net.http/jdk.internal.net.http.PlainHttpConnection.lambda$connectAsync$1(PlainHttpConnection.java:210)
	at java.base/java.security.AccessController.doPrivileged(AccessController.java:571)
	at java.net.http/jdk.internal.net.http.PlainHttpConnection.connectAsync(PlainHttpConnection.java:212)
	... 10 more
2026-03-16 13:05:22.512 [main] INFO  testCases.TC_001HomePageTest - ===== Test Execution Started =====
2026-03-16 13:05:27.932 [main] INFO  testCases.TC_001HomePageTest - Running on Selenium Grid - Chrome
2026-03-16 13:05:37.000 [main] INFO  testCases.TC_001HomePageTest - Navigated to: https://ecommerce-playground.lambdatest.io/index.php?route=common/home
2026-03-16 13:05:37.050 [main] INFO  testCases.TC_001HomePageTest - ===== Starting Home Page Test =====
2026-03-16 13:05:37.413 [main] ERROR testCases.TC_001HomePageTest - HomePage validation failed | Expected: Top Trending Categories | Actual: TOP TRENDING CATEGORIES
2026-03-16 13:05:37.553 [main] INFO  testCases.TC_001HomePageTest - Browser closed successfully.
2026-03-16 13:06:21.345 [main] INFO  testCases.TC_001HomePageTest - ===== Test Execution Started =====
2026-03-16 13:06:23.232 [main] INFO  testCases.TC_001HomePageTest - Running on Selenium Grid - Chrome
2026-03-16 13:06:36.257 [main] INFO  testCases.TC_001HomePageTest - Navigated to: https://ecommerce-playground.lambdatest.io/index.php?route=common/home
2026-03-16 13:06:36.329 [main] INFO  testCases.TC_001HomePageTest - ===== Starting Home Page Test =====
2026-03-16 13:06:36.884 [main] INFO  testCases.TC_001HomePageTest - HomePage validation passed
2026-03-16 13:06:37.013 [main] INFO  testCases.TC_001HomePageTest - Browser closed successfully.
2026-03-16 15:12:29.573 [main] INFO  testCases.TC_001HomePageTest - ===== Test Execution Started =====
2026-03-16 15:12:34.570 [main] INFO  testCases.TC_001HomePageTest - Running on Selenium Grid - Chrome
2026-03-16 15:12:44.607 [main] INFO  testCases.TC_001HomePageTest - Navigated to: https://ecommerce-playground.lambdatest.io/index.php?route=common/home
2026-03-16 15:12:44.655 [main] INFO  testCases.TC_001HomePageTest - ===== Starting Home Page Test =====
2026-03-16 15:12:44.841 [main] INFO  testCases.TC_001HomePageTest - HomePage validation passed
2026-03-16 15:12:44.941 [main] INFO  testCases.TC_001HomePageTest - Browser closed successfully.
2026-03-16 15:12:45.746 [main] INFO  utilities.EmailReportSender - Sender email: ahsan.clariv@gmail.com
2026-03-16 15:12:45.746 [main] INFO  utilities.EmailReportSender - Sender password: mstv vggb nbmk kehz
2026-03-16 15:12:45.748 [main] INFO  utilities.EmailReportSender - SMTP properties: {mail.smtp.port=587, mail.smtp.auth=true, mail.smtp.starttls.enable=true, mail.smtp.host=smtp.gmail.com}
2026-03-16 15:12:49.966 [main] INFO  utilities.EmailReportSender - Report sent successfully to hafizgee07@gmail.com
